<><>LOGS DO SISTEMA CONTROLE CCI<><>

Instituição: CCI - CENTRAL DE CURSOS
Data criação arquivo de log: 16/11/22 21:25:55
Sistema operacional: Linux
Licenciado para: joseluiz
Versão atual do sistema: v. 1.0 Final 2021
<<<<< LOGCAT >>>>>

16/11/22 21:25:55: O SISTEMA FOI INSTALADO COM SUCESSO!

--------
USUÁRIO: USUÁRIO NÃO LOGADO
TIPO DE LOG: null
CLASSE ONDE OCORREU A EXCEÇÃO: null
DATA E HORA: 16/11/22 21:25:55
DESCRIÇÃO: teste

--------
USUÁRIO: USUÁRIO NÃO LOGADO
TIPO DE LOG: null
CLASSE ONDE OCORREU A EXCEÇÃO: null
DATA E HORA: 16/11/22 21:26:21
DESCRIÇÃO: outro teste boy

--------
USUÁRIO: José Luiz
TIPO DE LOG: REGISTRO COMUM
CLASSE ONDE OCORREU A EXCEÇÃO: com.controlecci.view.SCCI.LoginView
DATA E HORA: 16/11/22 21:28:10
DESCRIÇÃO: Acesso concedido a: José Luiz

--------
USUÁRIO: USUÁRIO NÃO LOGADO
TIPO DE LOG: REGISTRO DE ERRO
CLASSE ONDE OCORREU A EXCEÇÃO: com.controlecci.model.dao.UsuarioDao
DATA E HORA: 16/11/22 21:28:53
DESCRIÇÃO: Ocorreu um erro ao conectar ao banco de dados

--------
USUÁRIO: USUÁRIO NÃO LOGADO
TIPO DE LOG: REGISTRO DE ERRO
CLASSE ONDE OCORREU A EXCEÇÃO: com.controlecci.view.SCCI.LoginView
DATA E HORA: 16/11/22 21:29:30
DESCRIÇÃO: ERRO AO EFETURAR O LOGIN, USUÁRIO OU SENHA INCORRETA!

--------
USUÁRIO: José Luiz
TIPO DE LOG: REGISTRO COMUM
CLASSE ONDE OCORREU A EXCEÇÃO: com.controlecci.view.SCCI.LoginView
DATA E HORA: 16/11/22 21:40:26
DESCRIÇÃO: Acesso concedido a: José Luiz

--------
USUÁRIO: José Luiz
TIPO DE LOG: REGISTRO COMUM
CLASSE ONDE OCORREU A EXCEÇÃO: com.controlecci.view.SCCI.LoginView
DATA E HORA: 16/11/22 21:42:19
DESCRIÇÃO: Acesso concedido a: José Luiz

--------
USUÁRIO: José Luiz
TIPO DE LOG: REGISTRO COMUM
CLASSE ONDE OCORREU A EXCEÇÃO: com.controlecci.view.SCCI.LoginView
DATA E HORA: 16/11/22 21:49:15
DESCRIÇÃO: Acesso concedido a: José Luiz

--------
USUÁRIO: USUÁRIO NÃO LOGADO
TIPO DE LOG: REGISTRO DE ERRO
CLASSE ONDE OCORREU A EXCEÇÃO: com.controlecci.model.dao.UsuarioDao
DATA E HORA: 17/11/22 08:46:23
DESCRIÇÃO: Ocorreu um erro ao conectar ao banco de dados

--------
USUÁRIO: USUÁRIO NÃO LOGADO
TIPO DE LOG: REGISTRO DE ERRO
CLASSE ONDE OCORREU A EXCEÇÃO: com.controlecci.model.dao.UsuarioDao
DATA E HORA: 17/11/22 08:47:57
DESCRIÇÃO: Ocorreu um erro ao conectar ao banco de dados

--------
USUÁRIO: USUÁRIO NÃO LOGADO
TIPO DE LOG: REGISTRO DE ERRO
CLASSE ONDE OCORREU A EXCEÇÃO: com.controlecci.model.dao.UsuarioDao
DATA E HORA: 17/11/22 08:49:19
DESCRIÇÃO: Ocorreu um erro ao conectar ao banco de dados

--------
USUÁRIO: José Luiz
TIPO DE LOG: REGISTRO COMUM
CLASSE ONDE OCORREU A EXCEÇÃO: com.controlecci.view.SCCI.LoginView
DATA E HORA: 17/11/22 08:51:41
DESCRIÇÃO: Acesso concedido a: José Luiz

--------
USUÁRIO: José Luiz
TIPO DE LOG: REGISTRO COMUM
CLASSE ONDE OCORREU A EXCEÇÃO: com.controlecci.view.SCCI.LoginView
DATA E HORA: 17/11/22 08:58:24
DESCRIÇÃO: Acesso concedido a: José Luiz
